<?xml version="1.0" encoding="UTF-8"?>
<!-- Generated by org.testng.reporters.JUnitReportReporter -->
<testsuite hostname="DESKTOP-8TL1BE2" failures="0" tests="1" name="seleniumTests.StandAloneTest" time="20.206" errors="0" timestamp="2024-05-17T20:32:51 BDT" skipped="0">
  <testcase classname="seleniumTests.StandAloneTest" name="EndToEndTest" time="20.206"/>
</testsuite> <!-- seleniumTests.StandAloneTest -->
