<?xml version="1.0" encoding="UTF-8"?>
<!-- Generated by org.testng.reporters.JUnitReportReporter -->
<testsuite hostname="DESKTOP-8TL1BE2" failures="0" tests="1" name="seleniumTests.ErrroValidations" time="0.613" errors="0" timestamp="2024-06-03T11:13:29 BDT" skipped="0">
  <testcase classname="seleniumTests.ErrroValidations" name="loginErrorValidation" time="0.613"/>
</testsuite> <!-- seleniumTests.ErrroValidations -->
